app/build/intermediates/manifest_merge_blame_file/debug/manifest-merger-blame-debug-report.txt
1<?xml version="1.0" encoding="utf-8"?>
2<manifest xmlns:android="http://schemas.android.com/apk/res/android"
3    package="com.samsung.android.biaviewer"
4    android:versionCode="1"
5    android:versionName="1.0" >
6
7    <uses-sdk
8        android:minSdkVersion="28"
8-->src\main\AndroidManifest.xml
9        android:targetSdkVersion="33" />
9-->src\main\AndroidManifest.xml
10
11    <queries>
11-->src\main\AndroidManifest.xml:6:5-8:15
12        <package android:name="com.google.android.apps.healthdata" />
12-->src\main\AndroidManifest.xml:7:9-70
12-->src\main\AndroidManifest.xml:7:18-67
13    </queries>
14
15    <permission
15-->[androidx.core:core:1.9.0] AndroidManifest.xml:22:5-24:47
16        android:name="com.samsung.android.biaviewer.DYNAMIC_RECEIVER_NOT_EXPORTED_PERMISSION"
16-->[androidx.core:core:1.9.0] AndroidManifest.xml:23:9-81
17        android:protectionLevel="signature" />
17-->[androidx.core:core:1.9.0] AndroidManifest.xml:24:9-44
18
19    <uses-permission android:name="com.samsung.android.biaviewer.DYNAMIC_RECEIVER_NOT_EXPORTED_PERMISSION" />
19-->[androidx.core:core:1.9.0] AndroidManifest.xml:26:5-97
19-->[androidx.core:core:1.9.0] AndroidManifest.xml:26:22-94
20
21    <application
21-->src\main\AndroidManifest.xml:11:5-40:19
22        android:allowBackup="true"
22-->src\main\AndroidManifest.xml:12:9-35
23        android:appComponentFactory="androidx.core.app.CoreComponentFactory"
23-->[androidx.core:core:1.9.0] AndroidManifest.xml:28:18-86
24        android:dataExtractionRules="@xml/data_extraction_rules"
24-->src\main\AndroidManifest.xml:13:9-65
25        android:debuggable="true"
26        android:extractNativeLibs="false"
27        android:fullBackupContent="@xml/backup_rules"
27-->src\main\AndroidManifest.xml:14:9-54
28        android:icon="@drawable/ic_launcher"
28-->src\main\AndroidManifest.xml:15:9-45
29        android:label="@string/app_name"
29-->src\main\AndroidManifest.xml:16:9-41
30        android:roundIcon="@drawable/ic_launcher"
30-->src\main\AndroidManifest.xml:17:9-50
31        android:supportsRtl="true"
31-->src\main\AndroidManifest.xml:18:9-35
32        android:testOnly="true"
33        android:theme="@style/Theme.BIAViewer" >
33-->src\main\AndroidManifest.xml:19:9-47
34        <activity
34-->src\main\AndroidManifest.xml:21:9-39:20
35            android:name="com.samsung.android.biaviewer.MainActivity"
35-->src\main\AndroidManifest.xml:22:13-41
36            android:enabled="true"
36-->src\main\AndroidManifest.xml:23:13-35
37            android:exported="true" >
37-->src\main\AndroidManifest.xml:24:13-36
38            <intent-filter>
38-->src\main\AndroidManifest.xml:25:13-29:29
39                <action android:name="android.intent.action.MAIN" />
39-->src\main\AndroidManifest.xml:26:17-69
39-->src\main\AndroidManifest.xml:26:25-66
40
41                <category android:name="android.intent.category.LAUNCHER" />
41-->src\main\AndroidManifest.xml:28:17-77
41-->src\main\AndroidManifest.xml:28:27-74
42            </intent-filter>
43            <intent-filter>
43-->src\main\AndroidManifest.xml:31:13-33:29
44                <action android:name="androidx.health.ACTION_SHOW_PERMISSIONS_RATIONALE" />
44-->src\main\AndroidManifest.xml:32:17-92
44-->src\main\AndroidManifest.xml:32:25-89
45            </intent-filter>
46
47            <!-- Required to specify which Health Connect permissions the app can request -->
48            <meta-data
48-->src\main\AndroidManifest.xml:36:13-38:64
49                android:name="health_permissions"
49-->src\main\AndroidManifest.xml:37:17-50
50                android:resource="@array/health_permissions" />
50-->src\main\AndroidManifest.xml:38:17-61
51        </activity>
52
53        <service
53-->[androidx.health.connect:connect-client:1.0.0-alpha07] AndroidManifest.xml:24:9-32:19
54            android:name="androidx.health.platform.client.impl.sdkservice.HealthDataSdkService"
54-->[androidx.health.connect:connect-client:1.0.0-alpha07] AndroidManifest.xml:25:13-96
55            android:enabled="true"
55-->[androidx.health.connect:connect-client:1.0.0-alpha07] AndroidManifest.xml:26:13-35
56            android:exported="true" >
56-->[androidx.health.connect:connect-client:1.0.0-alpha07] AndroidManifest.xml:27:13-36
57            <intent-filter>
57-->[androidx.health.connect:connect-client:1.0.0-alpha07] AndroidManifest.xml:29:13-31:29
58                <action android:name="androidx.health.platform.client.ACTION_BIND_SDK_SERVICE" />
58-->[androidx.health.connect:connect-client:1.0.0-alpha07] AndroidManifest.xml:30:17-98
58-->[androidx.health.connect:connect-client:1.0.0-alpha07] AndroidManifest.xml:30:25-95
59            </intent-filter>
60        </service>
61
62        <activity
62-->[androidx.compose.ui:ui-tooling:1.3.0] AndroidManifest.xml:23:9-25:39
63            android:name="androidx.compose.ui.tooling.PreviewActivity"
63-->[androidx.compose.ui:ui-tooling:1.3.0] AndroidManifest.xml:24:13-71
64            android:exported="true" />
64-->[androidx.compose.ui:ui-tooling:1.3.0] AndroidManifest.xml:25:13-36
65
66        <provider
66-->[androidx.emoji2:emoji2:1.2.0] AndroidManifest.xml:24:9-32:20
67            android:name="androidx.startup.InitializationProvider"
67-->[androidx.emoji2:emoji2:1.2.0] AndroidManifest.xml:25:13-67
68            android:authorities="com.samsung.android.biaviewer.androidx-startup"
68-->[androidx.emoji2:emoji2:1.2.0] AndroidManifest.xml:26:13-68
69            android:exported="false" >
69-->[androidx.emoji2:emoji2:1.2.0] AndroidManifest.xml:27:13-37
70            <meta-data
70-->[androidx.emoji2:emoji2:1.2.0] AndroidManifest.xml:29:13-31:52
71                android:name="androidx.emoji2.text.EmojiCompatInitializer"
71-->[androidx.emoji2:emoji2:1.2.0] AndroidManifest.xml:30:17-75
72                android:value="androidx.startup" />
72-->[androidx.emoji2:emoji2:1.2.0] AndroidManifest.xml:31:17-49
73            <meta-data
73-->[androidx.lifecycle:lifecycle-process:2.4.1] AndroidManifest.xml:31:13-33:52
74                android:name="androidx.lifecycle.ProcessLifecycleInitializer"
74-->[androidx.lifecycle:lifecycle-process:2.4.1] AndroidManifest.xml:32:17-78
75                android:value="androidx.startup" />
75-->[androidx.lifecycle:lifecycle-process:2.4.1] AndroidManifest.xml:33:17-49
76            <meta-data
76-->[androidx.profileinstaller:profileinstaller:1.2.0] AndroidManifest.xml:30:13-32:52
77                android:name="androidx.profileinstaller.ProfileInstallerInitializer"
77-->[androidx.profileinstaller:profileinstaller:1.2.0] AndroidManifest.xml:31:17-85
78                android:value="androidx.startup" />
78-->[androidx.profileinstaller:profileinstaller:1.2.0] AndroidManifest.xml:32:17-49
79        </provider>
80
81        <receiver
81-->[androidx.profileinstaller:profileinstaller:1.2.0] AndroidManifest.xml:35:9-47:20
82            android:name="androidx.profileinstaller.ProfileInstallReceiver"
82-->[androidx.profileinstaller:profileinstaller:1.2.0] AndroidManifest.xml:36:13-76
83            android:directBootAware="false"
83-->[androidx.profileinstaller:profileinstaller:1.2.0] AndroidManifest.xml:37:13-44
84            android:enabled="true"
84-->[androidx.profileinstaller:profileinstaller:1.2.0] AndroidManifest.xml:38:13-35
85            android:exported="true"
85-->[androidx.profileinstaller:profileinstaller:1.2.0] AndroidManifest.xml:39:13-36
86            android:permission="android.permission.DUMP" >
86-->[androidx.profileinstaller:profileinstaller:1.2.0] AndroidManifest.xml:40:13-57
87            <intent-filter>
87-->[androidx.profileinstaller:profileinstaller:1.2.0] AndroidManifest.xml:41:13-43:29
88                <action android:name="androidx.profileinstaller.action.INSTALL_PROFILE" />
88-->[androidx.profileinstaller:profileinstaller:1.2.0] AndroidManifest.xml:42:17-91
88-->[androidx.profileinstaller:profileinstaller:1.2.0] AndroidManifest.xml:42:25-88
89            </intent-filter>
90            <intent-filter>
90-->[androidx.profileinstaller:profileinstaller:1.2.0] AndroidManifest.xml:44:13-46:29
91                <action android:name="androidx.profileinstaller.action.SKIP_FILE" />
91-->[androidx.profileinstaller:profileinstaller:1.2.0] AndroidManifest.xml:45:17-85
91-->[androidx.profileinstaller:profileinstaller:1.2.0] AndroidManifest.xml:45:25-82
92            </intent-filter>
93        </receiver>
94    </application>
95
96</manifest>